<?xml version="1.0" encoding="UTF-8"?>
<!-- Generated by org.testng.reporters.JUnitReportReporter -->
<testsuite skipped="0" hostname="DESKTOP-9D4C8ON" name="com.training.sanity.tests.SchdulePayment_MemberTest" tests="1" failures="0" timestamp="17 Jan 2019 19:28:48 GMT" time="18.598" errors="0">
  <testcase name="SchedulePayment_Member" time="18.598" classname="com.training.sanity.tests.SchdulePayment_MemberTest"/>
</testsuite> <!-- com.training.sanity.tests.SchdulePayment_MemberTest -->
