<?xml version="1.0" encoding="UTF-8"?>
<!-- Generated by org.testng.reporters.JUnitReportReporter -->
<testsuite skipped="0" hostname="DESKTOP-9D4C8ON" name="com.training.sanity.tests.FilterTrxDetails_MemberTest" tests="1" failures="0" timestamp="16 Jan 2019 18:41:06 GMT" time="18.151" errors="0">
  <testcase name="filterMemberTransaction" time="18.151" classname="com.training.sanity.tests.FilterTrxDetails_MemberTest"/>
</testsuite> <!-- com.training.sanity.tests.FilterTrxDetails_MemberTest -->
