<?xml version="1.0" encoding="UTF-8"?>
<!-- Generated by org.testng.reporters.JUnitReportReporter -->
<testsuite skipped="0" hostname="DESKTOP-9D4C8ON" name="com.training.sanity.tests.AddContact_MakeMemberPaymentTest" tests="1" failures="0" timestamp="22 Jan 2019 19:27:34 GMT" time="25.246" errors="0">
  <testcase name="addPayee_Member" time="25.246" classname="com.training.sanity.tests.AddContact_MakeMemberPaymentTest"/>
</testsuite> <!-- com.training.sanity.tests.AddContact_MakeMemberPaymentTest -->
