<?xml version="1.0" encoding="UTF-8"?>
<!-- Generated by org.testng.reporters.JUnitReportReporter -->
<testsuite skipped="0" hostname="DESKTOP-9D4C8ON" name="com.training.sanity.tests.DPExcel_GrantLoan_AdminTest" tests="4" failures="0" timestamp="30 Jan 2019 12:09:29 GMT" time="79.932" errors="0">
  <testcase name="loginPassTest" time="7.774" classname="com.training.sanity.tests.DPExcel_GrantLoan_AdminTest"/>
  <testcase name="DP_GrantLoanToMember_Admin" time="15.743" classname="com.training.sanity.tests.DPExcel_GrantLoan_AdminTest"/>
  <testcase name="DP_GrantLoanToMember_Admin" time="22.473" classname="com.training.sanity.tests.DPExcel_GrantLoan_AdminTest"/>
  <testcase name="DP_GrantLoanToMember_Admin" time="33.942" classname="com.training.sanity.tests.DPExcel_GrantLoan_AdminTest"/>
</testsuite> <!-- com.training.sanity.tests.DPExcel_GrantLoan_AdminTest -->
