<?xml version="1.0" encoding="UTF-8"?>
<!-- Generated by org.testng.reporters.JUnitReportReporter -->
<testsuite skipped="0" hostname="DESKTOP-9D4C8ON" name="com.training.sanity.tests.DP_Member_to_MemberPaymentTest" tests="4" failures="0" timestamp="25 Jan 2019 10:57:15 GMT" time="29.802" errors="0">
  <testcase name="loginPassTest" time="2.290" classname="com.training.sanity.tests.DP_Member_to_MemberPaymentTest"/>
  <testcase name="MemberPayment_member" time="9.543" classname="com.training.sanity.tests.DP_Member_to_MemberPaymentTest"/>
  <testcase name="MemberPayment_member" time="9.084" classname="com.training.sanity.tests.DP_Member_to_MemberPaymentTest"/>
  <testcase name="MemberPayment_member" time="8.885" classname="com.training.sanity.tests.DP_Member_to_MemberPaymentTest"/>
</testsuite> <!-- com.training.sanity.tests.DP_Member_to_MemberPaymentTest -->
