<?xml version="1.0" encoding="UTF-8"?>
<!-- Generated by org.testng.reporters.JUnitReportReporter -->
<testsuite skipped="0" hostname="DESKTOP-9D4C8ON" name="com.training.sanity.tests.DP_GrantLoan_AdminTest" tests="4" failures="0" timestamp="25 Jan 2019 07:34:41 GMT" time="48.886" errors="0">
  <testcase name="loginPassTest" time="2.083" classname="com.training.sanity.tests.DP_GrantLoan_AdminTest"/>
  <testcase name="DP_GrantLoanToMember_Admin" time="15.742" classname="com.training.sanity.tests.DP_GrantLoan_AdminTest"/>
  <testcase name="DP_GrantLoanToMember_Admin" time="15.786" classname="com.training.sanity.tests.DP_GrantLoan_AdminTest"/>
  <testcase name="DP_GrantLoanToMember_Admin" time="15.275" classname="com.training.sanity.tests.DP_GrantLoan_AdminTest"/>
</testsuite> <!-- com.training.sanity.tests.DP_GrantLoan_AdminTest -->
