<?xml version="1.0" encoding="UTF-8"?>
<!-- Generated by org.testng.reporters.JUnitReportReporter -->
<testsuite skipped="0" hostname="DESKTOP-9D4C8ON" name="com.training.sanity.tests.DPDB_GrantLoan_AdminTest" tests="2" failures="0" timestamp="30 Jan 2019 12:16:30 GMT" time="17.807" errors="0">
  <testcase name="loginPassTest" time="2.150" classname="com.training.sanity.tests.DPDB_GrantLoan_AdminTest"/>
  <testcase name="DP_GrantLoanToMember_Admin" time="15.657" classname="com.training.sanity.tests.DPDB_GrantLoan_AdminTest"/>
</testsuite> <!-- com.training.sanity.tests.DPDB_GrantLoan_AdminTest -->
