<?xml version="1.0" encoding="UTF-8"?>
<!-- Generated by org.testng.reporters.JUnitReportReporter -->
<testsuite skipped="0" hostname="DESKTOP-9D4C8ON" name="com.training.sanity.tests.GrantLoan_AdminTest" tests="1" failures="0" timestamp="15 Jan 2019 12:46:56 GMT" time="16.147" errors="0">
  <testcase name="GrantLoanToMember_Admin" time="16.147" classname="com.training.sanity.tests.GrantLoan_AdminTest"/>
</testsuite> <!-- com.training.sanity.tests.GrantLoan_AdminTest -->
