<?xml version="1.0" encoding="UTF-8"?>
<!-- Generated by org.testng.reporters.JUnitReportReporter -->
<testsuite skipped="0" hostname="DESKTOP-9D4C8ON" name="com.training.regression.tests.LoginDBTest" tests="2" failures="0" timestamp="30 Jan 2019 07:43:01 GMT" time="26.356" errors="0">
  <testcase name="loginDBTest" time="14.383" classname="com.training.regression.tests.LoginDBTest"/>
  <testcase name="loginDBTest" time="11.973" classname="com.training.regression.tests.LoginDBTest"/>
</testsuite> <!-- com.training.regression.tests.LoginDBTest -->
