<?xml version="1.0" encoding="UTF-8"?>
<!-- Generated by org.testng.reporters.JUnitReportReporter -->
<testsuite skipped="0" hostname="DESKTOP-9D4C8ON" name="com.training.sanity.tests.MemberProfileTest" tests="1" failures="0" timestamp="23 Jan 2019 04:26:55 GMT" time="13.882" errors="0">
  <testcase name="MemberProfileTest" time="13.882" classname="com.training.sanity.tests.MemberProfileTest"/>
</testsuite> <!-- com.training.sanity.tests.MemberProfileTest -->
