<?xml version="1.0" encoding="UTF-8"?>
<!-- Generated by org.testng.reporters.JUnitReportReporter -->
<testsuite skipped="1" hostname="DESKTOP-9D4C8ON" name="com.training.sanity.tests.FilterTrxDetails_MemberTest" tests="3" failures="0" timestamp="17 Jan 2019 16:51:10 GMT" time="33.564" errors="0">
  <testcase name="filterMemberTransaction_All" time="26.495" classname="com.training.sanity.tests.FilterTrxDetails_MemberTest"/>
  <testcase name="filterMemberTransaction_Loan" time="7.069" classname="com.training.sanity.tests.FilterTrxDetails_MemberTest"/>
  <testcase name="filterMemberTransaction_Date" classname="com.training.sanity.tests.FilterTrxDetails_MemberTest">
    <skipped/>
  </testcase> <!-- filterMemberTransaction_Date -->
</testsuite> <!-- com.training.sanity.tests.FilterTrxDetails_MemberTest -->
