<?xml version="1.0" encoding="UTF-8"?>
<!-- Generated by org.testng.reporters.JUnitReportReporter -->
<testsuite skipped="0" hostname="DESKTOP-9D4C8ON" name="com.training.sanity.tests.SchdulePayment_MemberTest" tests="1" failures="0" timestamp="20 Jan 2019 16:08:45 GMT" time="30.884" errors="0">
  <testcase name="SchedulePayment_Member" time="30.884" classname="com.training.sanity.tests.SchdulePayment_MemberTest"/>
</testsuite> <!-- com.training.sanity.tests.SchdulePayment_MemberTest -->
