<?xml version="1.0" encoding="UTF-8"?>
<!-- Generated by org.testng.reporters.JUnitReportReporter -->
<testsuite skipped="1" hostname="DESKTOP-9D4C8ON" name="com.training.sanity.tests.FilterTrxDetails_MemberTest" tests="3" failures="0" timestamp="18 Jan 2019 08:08:28 GMT" time="45.921" errors="0">
  <testcase name="filterMemberTransaction_Date" time="38.849" classname="com.training.sanity.tests.FilterTrxDetails_MemberTest"/>
  <testcase name="filterMemberTransaction_All" time="7.072" classname="com.training.sanity.tests.FilterTrxDetails_MemberTest"/>
  <testcase name="filterMemberTransaction_Loan" classname="com.training.sanity.tests.FilterTrxDetails_MemberTest">
    <skipped/>
  </testcase> <!-- filterMemberTransaction_Loan -->
</testsuite> <!-- com.training.sanity.tests.FilterTrxDetails_MemberTest -->
