<?xml version="1.0" encoding="UTF-8"?>
<!-- Generated by org.testng.reporters.JUnitReportReporter -->
<testsuite skipped="0" hostname="DESKTOP-9D4C8ON" name="com.training.sanity.tests.FilterMessage_MemberTest" tests="1" failures="0" timestamp="22 Jan 2019 03:44:50 GMT" time="2.786" errors="0">
  <testcase name="filtermsg_Inbox" time="2.786" classname="com.training.sanity.tests.FilterMessage_MemberTest"/>
</testsuite> <!-- com.training.sanity.tests.FilterMessage_MemberTest -->
