<?xml version="1.0" encoding="UTF-8"?>
<!-- Generated by org.testng.reporters.JUnitReportReporter -->
<testsuite skipped="0" hostname="DESKTOP-9D4C8ON" name="com.training.sanity.tests.TransactionDetailsTest" tests="1" failures="0" timestamp="16 Jan 2019 05:30:19 GMT" time="16.036" errors="0">
  <testcase name="ViewTrxDetails" time="16.036" classname="com.training.sanity.tests.TransactionDetailsTest"/>
</testsuite> <!-- com.training.sanity.tests.TransactionDetailsTest -->
